[2025-05-24T16:54:00.989+0000] {local_task_job_runner.py:120} INFO - ::group::Pre task execution logs
[2025-05-24T16:54:01.030+0000] {taskinstance.py:2076} INFO - Dependencies all met for dep_context=non-requeueable deps ti=<TaskInstance: medical_slm_pipeline.extract_data manual__2025-05-24T16:48:25+00:00 [queued]>
[2025-05-24T16:54:01.039+0000] {taskinstance.py:2076} INFO - Dependencies all met for dep_context=requeueable deps ti=<TaskInstance: medical_slm_pipeline.extract_data manual__2025-05-24T16:48:25+00:00 [queued]>
[2025-05-24T16:54:01.041+0000] {taskinstance.py:2306} INFO - Starting attempt 2 of 2
[2025-05-24T16:54:01.055+0000] {taskinstance.py:2330} INFO - Executing <Task(PythonOperator): extract_data> on 2025-05-24 16:48:25+00:00
[2025-05-24T16:54:01.074+0000] {logging_mixin.py:188} WARNING - /home/***/.local/lib/python3.12/site-packages/***/task/task_runner/standard_task_runner.py:61 DeprecationWarning: This process (pid=164) is multi-threaded, use of fork() may lead to deadlocks in the child.
[2025-05-24T16:54:01.076+0000] {standard_task_runner.py:63} INFO - Started process 199 to run task
[2025-05-24T16:54:01.074+0000] {standard_task_runner.py:90} INFO - Running: ['***', 'tasks', 'run', 'medical_slm_pipeline', 'extract_data', 'manual__2025-05-24T16:48:25+00:00', '--job-id', '11', '--raw', '--subdir', 'DAGS_FOLDER/medslm.py', '--cfg-path', '/tmp/tmph9rfdxiz']
[2025-05-24T16:54:01.077+0000] {standard_task_runner.py:91} INFO - Job 11: Subtask extract_data
[2025-05-24T16:54:01.095+0000] {logging_mixin.py:188} WARNING - /home/***/.local/lib/python3.12/site-packages/***/settings.py:195 DeprecationWarning: The sql_alchemy_conn option in [core] has been moved to the sql_alchemy_conn option in [database] - the old setting has been used, but please update your config.
[2025-05-24T16:54:01.145+0000] {task_command.py:426} INFO - Running <TaskInstance: medical_slm_pipeline.extract_data manual__2025-05-24T16:48:25+00:00 [running]> on host a9634a231e27
[2025-05-24T16:54:01.243+0000] {taskinstance.py:2648} INFO - Exporting env vars: AIRFLOW_CTX_DAG_OWNER='***' AIRFLOW_CTX_DAG_ID='medical_slm_pipeline' AIRFLOW_CTX_TASK_ID='extract_data' AIRFLOW_CTX_EXECUTION_DATE='2025-05-24T16:48:25+00:00' AIRFLOW_CTX_TRY_NUMBER='2' AIRFLOW_CTX_DAG_RUN_ID='manual__2025-05-24T16:48:25+00:00'
[2025-05-24T16:54:01.245+0000] {taskinstance.py:430} INFO - ::endgroup::
[2025-05-24T16:54:01.280+0000] {medslm.py:32} INFO - Loaded dataset from /opt/***/data/med_abstracts.json
[2025-05-24T16:54:01.281+0000] {python.py:237} INFO - Done. Returned value was: None
[2025-05-24T16:54:01.282+0000] {taskinstance.py:441} INFO - ::group::Post task execution logs
[2025-05-24T16:54:01.294+0000] {taskinstance.py:1206} INFO - Marking task as SUCCESS. dag_id=medical_slm_pipeline, task_id=extract_data, run_id=manual__2025-05-24T16:48:25+00:00, execution_date=20250524T164825, start_date=20250524T165401, end_date=20250524T165401
[2025-05-24T16:54:01.331+0000] {local_task_job_runner.py:240} INFO - Task exited with return code 0
[2025-05-24T16:54:01.362+0000] {taskinstance.py:3498} INFO - 1 downstream tasks scheduled from follow-on schedule check
[2025-05-24T16:54:01.365+0000] {local_task_job_runner.py:222} INFO - ::endgroup::
