[2025-05-24T16:59:07.978+0000] {local_task_job_runner.py:120} INFO - ::group::Pre task execution logs
[2025-05-24T16:59:08.007+0000] {taskinstance.py:2076} INFO - Dependencies all met for dep_context=non-requeueable deps ti=<TaskInstance: medical_slm_pipeline.preprocess_data manual__2025-05-24T16:58:56+00:00 [queued]>
[2025-05-24T16:59:08.018+0000] {taskinstance.py:2076} INFO - Dependencies all met for dep_context=requeueable deps ti=<TaskInstance: medical_slm_pipeline.preprocess_data manual__2025-05-24T16:58:56+00:00 [queued]>
[2025-05-24T16:59:08.020+0000] {taskinstance.py:2306} INFO - Starting attempt 1 of 2
[2025-05-24T16:59:08.033+0000] {taskinstance.py:2330} INFO - Executing <Task(PythonOperator): preprocess_data> on 2025-05-24 16:58:56+00:00
[2025-05-24T16:59:08.047+0000] {standard_task_runner.py:90} INFO - Running: ['***', 'tasks', 'run', 'medical_slm_pipeline', 'preprocess_data', 'manual__2025-05-24T16:58:56+00:00', '--job-id', '17', '--raw', '--subdir', 'DAGS_FOLDER/medslm.py', '--cfg-path', '/tmp/tmpusmro55x']
[2025-05-24T16:59:08.051+0000] {standard_task_runner.py:91} INFO - Job 17: Subtask preprocess_data
[2025-05-24T16:59:08.050+0000] {logging_mixin.py:188} WARNING - /home/***/.local/lib/python3.12/site-packages/***/task/task_runner/standard_task_runner.py:61 DeprecationWarning: This process (pid=252) is multi-threaded, use of fork() may lead to deadlocks in the child.
[2025-05-24T16:59:08.052+0000] {standard_task_runner.py:63} INFO - Started process 261 to run task
[2025-05-24T16:59:08.071+0000] {logging_mixin.py:188} WARNING - /home/***/.local/lib/python3.12/site-packages/***/settings.py:195 DeprecationWarning: The sql_alchemy_conn option in [core] has been moved to the sql_alchemy_conn option in [database] - the old setting has been used, but please update your config.
[2025-05-24T16:59:08.117+0000] {task_command.py:426} INFO - Running <TaskInstance: medical_slm_pipeline.preprocess_data manual__2025-05-24T16:58:56+00:00 [running]> on host 52e8eca6c6d7
[2025-05-24T16:59:08.214+0000] {taskinstance.py:2648} INFO - Exporting env vars: AIRFLOW_CTX_DAG_OWNER='***' AIRFLOW_CTX_DAG_ID='medical_slm_pipeline' AIRFLOW_CTX_TASK_ID='preprocess_data' AIRFLOW_CTX_EXECUTION_DATE='2025-05-24T16:58:56+00:00' AIRFLOW_CTX_TRY_NUMBER='1' AIRFLOW_CTX_DAG_RUN_ID='manual__2025-05-24T16:58:56+00:00'
[2025-05-24T16:59:08.216+0000] {taskinstance.py:430} INFO - ::endgroup::
[2025-05-24T16:59:08.357+0000] {medslm.py:53} INFO - Saved 2500 processed abstracts to /opt/***/data/processed_abstracts.json
[2025-05-24T16:59:08.362+0000] {python.py:237} INFO - Done. Returned value was: None
[2025-05-24T16:59:08.363+0000] {taskinstance.py:441} INFO - ::group::Post task execution logs
[2025-05-24T16:59:08.376+0000] {taskinstance.py:1206} INFO - Marking task as SUCCESS. dag_id=medical_slm_pipeline, task_id=preprocess_data, run_id=manual__2025-05-24T16:58:56+00:00, execution_date=20250524T165856, start_date=20250524T165908, end_date=20250524T165908
[2025-05-24T16:59:08.429+0000] {local_task_job_runner.py:240} INFO - Task exited with return code 0
[2025-05-24T16:59:08.454+0000] {taskinstance.py:3498} INFO - 1 downstream tasks scheduled from follow-on schedule check
[2025-05-24T16:59:08.458+0000] {local_task_job_runner.py:222} INFO - ::endgroup::
