[2025-05-24T16:59:02.054+0000] {local_task_job_runner.py:120} INFO - ::group::Pre task execution logs
[2025-05-24T16:59:02.087+0000] {taskinstance.py:2076} INFO - Dependencies all met for dep_context=non-requeueable deps ti=<TaskInstance: medical_slm_pipeline.extract_data manual__2025-05-24T16:58:56+00:00 [queued]>
[2025-05-24T16:59:02.097+0000] {taskinstance.py:2076} INFO - Dependencies all met for dep_context=requeueable deps ti=<TaskInstance: medical_slm_pipeline.extract_data manual__2025-05-24T16:58:56+00:00 [queued]>
[2025-05-24T16:59:02.098+0000] {taskinstance.py:2306} INFO - Starting attempt 1 of 2
[2025-05-24T16:59:02.113+0000] {taskinstance.py:2330} INFO - Executing <Task(PythonOperator): extract_data> on 2025-05-24 16:58:56+00:00
[2025-05-24T16:59:02.132+0000] {logging_mixin.py:188} WARNING - /home/***/.local/lib/python3.12/site-packages/***/task/task_runner/standard_task_runner.py:61 DeprecationWarning: This process (pid=242) is multi-threaded, use of fork() may lead to deadlocks in the child.
[2025-05-24T16:59:02.136+0000] {standard_task_runner.py:63} INFO - Started process 251 to run task
[2025-05-24T16:59:02.132+0000] {standard_task_runner.py:90} INFO - Running: ['***', 'tasks', 'run', 'medical_slm_pipeline', 'extract_data', 'manual__2025-05-24T16:58:56+00:00', '--job-id', '16', '--raw', '--subdir', 'DAGS_FOLDER/medslm.py', '--cfg-path', '/tmp/tmpf3g81o8i']
[2025-05-24T16:59:02.138+0000] {standard_task_runner.py:91} INFO - Job 16: Subtask extract_data
[2025-05-24T16:59:02.154+0000] {logging_mixin.py:188} WARNING - /home/***/.local/lib/python3.12/site-packages/***/settings.py:195 DeprecationWarning: The sql_alchemy_conn option in [core] has been moved to the sql_alchemy_conn option in [database] - the old setting has been used, but please update your config.
[2025-05-24T16:59:02.195+0000] {task_command.py:426} INFO - Running <TaskInstance: medical_slm_pipeline.extract_data manual__2025-05-24T16:58:56+00:00 [running]> on host 52e8eca6c6d7
[2025-05-24T16:59:02.287+0000] {taskinstance.py:2648} INFO - Exporting env vars: AIRFLOW_CTX_DAG_OWNER='***' AIRFLOW_CTX_DAG_ID='medical_slm_pipeline' AIRFLOW_CTX_TASK_ID='extract_data' AIRFLOW_CTX_EXECUTION_DATE='2025-05-24T16:58:56+00:00' AIRFLOW_CTX_TRY_NUMBER='1' AIRFLOW_CTX_DAG_RUN_ID='manual__2025-05-24T16:58:56+00:00'
[2025-05-24T16:59:02.289+0000] {taskinstance.py:430} INFO - ::endgroup::
[2025-05-24T16:59:02.411+0000] {medslm.py:39} INFO - Loaded dataset with 2500 abstracts from /opt/***/data/med_abstracts.json
[2025-05-24T16:59:02.413+0000] {python.py:237} INFO - Done. Returned value was: None
[2025-05-24T16:59:02.414+0000] {taskinstance.py:441} INFO - ::group::Post task execution logs
[2025-05-24T16:59:02.425+0000] {taskinstance.py:1206} INFO - Marking task as SUCCESS. dag_id=medical_slm_pipeline, task_id=extract_data, run_id=manual__2025-05-24T16:58:56+00:00, execution_date=20250524T165856, start_date=20250524T165902, end_date=20250524T165902
[2025-05-24T16:59:02.473+0000] {local_task_job_runner.py:240} INFO - Task exited with return code 0
[2025-05-24T16:59:02.502+0000] {taskinstance.py:3498} INFO - 1 downstream tasks scheduled from follow-on schedule check
[2025-05-24T16:59:02.505+0000] {local_task_job_runner.py:222} INFO - ::endgroup::
